  Game.cpp
  c:\program files (x86)\microsoft directx sdk (june 2010)\include\dinput.h: DIRECTINPUT_VERSION undefined. Defaulting to version 0x0800
d:\downloads\documents\hk1(2018-2019)\nm phát triển game\megaman\megamanx3\gamecomponents\game.cpp(8): warning C4244: '=': conversion from 'int' to 'float', possible loss of data
d:\downloads\documents\hk1(2018-2019)\nm phát triển game\megaman\megamanx3\gamecomponents\game.cpp(76): warning C4244: 'argument': conversion from 'float' to 'DWORD', possible loss of data
  Player.cpp
d:\downloads\documents\hk1(2018-2019)\nm phát triển game\megaman\megamanx3\player.cpp(156): warning C4244: '=': conversion from 'float' to 'LONG', possible loss of data
d:\downloads\documents\hk1(2018-2019)\nm phát triển game\megaman\megamanx3\player.cpp(158): warning C4244: '=': conversion from 'float' to 'LONG', possible loss of data
d:\downloads\documents\hk1(2018-2019)\nm phát triển game\megaman\megamanx3\player.cpp(199): warning C4244: '=': conversion from 'int' to 'float', possible loss of data
d:\downloads\documents\hk1(2018-2019)\nm phát triển game\megaman\megamanx3\player.cpp(200): warning C4244: '=': conversion from 'int' to 'float', possible loss of data
  PlayerDashingState.cpp
d:\downloads\documents\hk1(2018-2019)\nm phát triển game\megaman\megamanx3\playerdashingstate.cpp(108): warning C4244: 'argument': conversion from 'LONG' to 'float', possible loss of data
d:\downloads\documents\hk1(2018-2019)\nm phát triển game\megaman\megamanx3\playerdashingstate.cpp(122): warning C4244: 'argument': conversion from 'LONG' to 'float', possible loss of data
d:\downloads\documents\hk1(2018-2019)\nm phát triển game\megaman\megamanx3\playerdashingstate.cpp(133): warning C4244: 'argument': conversion from 'LONG' to 'float', possible loss of data
  PlayerFallingOnWallState.cpp
d:\downloads\documents\hk1(2018-2019)\nm phát triển game\megaman\megamanx3\playerfallingonwallstate.cpp(56): warning C4244: 'argument': conversion from 'LONG' to 'float', possible loss of data
d:\downloads\documents\hk1(2018-2019)\nm phát triển game\megaman\megamanx3\playerfallingonwallstate.cpp(64): warning C4244: 'argument': conversion from 'LONG' to 'float', possible loss of data
d:\downloads\documents\hk1(2018-2019)\nm phát triển game\megaman\megamanx3\playerfallingonwallstate.cpp(77): warning C4244: 'argument': conversion from 'LONG' to 'float', possible loss of data
  PlayerFallingState.cpp
d:\downloads\documents\hk1(2018-2019)\nm phát triển game\megaman\megamanx3\playerfallingstate.cpp(89): warning C4244: 'argument': conversion from 'LONG' to 'float', possible loss of data
d:\downloads\documents\hk1(2018-2019)\nm phát triển game\megaman\megamanx3\playerfallingstate.cpp(98): warning C4244: 'argument': conversion from 'LONG' to 'float', possible loss of data
d:\downloads\documents\hk1(2018-2019)\nm phát triển game\megaman\megamanx3\playerfallingstate.cpp(112): warning C4244: 'argument': conversion from 'LONG' to 'float', possible loss of data
  PlayerJumpingState.cpp
d:\downloads\documents\hk1(2018-2019)\nm phát triển game\megaman\megamanx3\playerjumpingstate.cpp(115): warning C4244: 'argument': conversion from 'LONG' to 'float', possible loss of data
d:\downloads\documents\hk1(2018-2019)\nm phát triển game\megaman\megamanx3\playerjumpingstate.cpp(122): warning C4244: 'argument': conversion from 'LONG' to 'float', possible loss of data
d:\downloads\documents\hk1(2018-2019)\nm phát triển game\megaman\megamanx3\playerjumpingstate.cpp(129): warning C4244: 'argument': conversion from 'LONG' to 'float', possible loss of data
d:\downloads\documents\hk1(2018-2019)\nm phát triển game\megaman\megamanx3\playerjumpingstate.cpp(136): warning C4244: 'argument': conversion from 'LONG' to 'float', possible loss of data
  PlayerRunShootState.cpp
d:\downloads\documents\hk1(2018-2019)\nm phát triển game\megaman\megamanx3\playerrunshootstate.cpp(89): warning C4244: 'argument': conversion from 'LONG' to 'float', possible loss of data
d:\downloads\documents\hk1(2018-2019)\nm phát triển game\megaman\megamanx3\playerrunshootstate.cpp(103): warning C4244: 'argument': conversion from 'LONG' to 'float', possible loss of data
d:\downloads\documents\hk1(2018-2019)\nm phát triển game\megaman\megamanx3\playerrunshootstate.cpp(114): warning C4244: 'argument': conversion from 'LONG' to 'float', possible loss of data
  PlayerRunningState.cpp
d:\downloads\documents\hk1(2018-2019)\nm phát triển game\megaman\megamanx3\playerrunningstate.cpp(89): warning C4244: 'argument': conversion from 'LONG' to 'float', possible loss of data
d:\downloads\documents\hk1(2018-2019)\nm phát triển game\megaman\megamanx3\playerrunningstate.cpp(103): warning C4244: 'argument': conversion from 'LONG' to 'float', possible loss of data
d:\downloads\documents\hk1(2018-2019)\nm phát triển game\megaman\megamanx3\playerrunningstate.cpp(114): warning C4244: 'argument': conversion from 'LONG' to 'float', possible loss of data
  PlayerShootingState.cpp
d:\downloads\documents\hk1(2018-2019)\nm phát triển game\megaman\megamanx3\playershootingstate.cpp(61): warning C4244: 'argument': conversion from 'LONG' to 'float', possible loss of data
d:\downloads\documents\hk1(2018-2019)\nm phát triển game\megaman\megamanx3\playershootingstate.cpp(75): warning C4244: 'argument': conversion from 'LONG' to 'float', possible loss of data
d:\downloads\documents\hk1(2018-2019)\nm phát triển game\megaman\megamanx3\playershootingstate.cpp(86): warning C4244: 'argument': conversion from 'LONG' to 'float', possible loss of data
  PlayerStandingState.cpp
  PlayerState.cpp
  DemoScene.cpp
d:\downloads\documents\hk1(2018-2019)\nm phát triển game\megaman\megamanx3\scenes\demoscene.cpp(17): warning C4244: 'argument': conversion from 'int' to 'float', possible loss of data
d:\downloads\documents\hk1(2018-2019)\nm phát triển game\megaman\megamanx3\scenes\demoscene.cpp(72): warning C4244: 'argument': conversion from 'int' to 'float', possible loss of data
d:\downloads\documents\hk1(2018-2019)\nm phát triển game\megaman\megamanx3\scenes\demoscene.cpp(78): warning C4244: 'argument': conversion from 'int' to 'float', possible loss of data
d:\downloads\documents\hk1(2018-2019)\nm phát triển game\megaman\megamanx3\scenes\demoscene.cpp(85): warning C4244: 'argument': conversion from 'int' to 'float', possible loss of data
d:\downloads\documents\hk1(2018-2019)\nm phát triển game\megaman\megamanx3\scenes\demoscene.cpp(92): warning C4244: 'argument': conversion from 'int' to 'float', possible loss of data
  Generating Code...
  MegamanX3.vcxproj -> D:\Downloads\Documents\HK1(2018-2019)\NM Phát Triển Game\Megaman\Debug\MegamanX3.exe
